CRITICAL - 2025-05-14 11:01:08 --> ErrorException: include(C:\xampp\htdocs\blog\app\Viewsheader.php): Failed to open stream: No such file or directory
[Method: GET, Route: dashboard]
in APPPATH\Views\Dashboard.php on line 2.
 1 APPPATH\Views\Dashboard.php(2): CodeIgniter\Debug\Exceptions->errorHandler(2, 'include(C:\\xampp\\htdocs\\blog\\app\\Viewsheader.php): Failed to open stream: No such file or directory', 'C:\\xampp\\htdocs\\blog\\app\\Views\\Dashboard.php', 2)
 2 APPPATH\Views\Dashboard.php(2): include()
 3 SYSTEMPATH\View\View.php(224): include('C:\\xampp\\htdocs\\blog\\app\\Views\\Dashboard.php')
 4 SYSTEMPATH\View\View.php(227): CodeIgniter\View\View->CodeIgniter\View\{closure}()
 5 SYSTEMPATH\Common.php(1173): CodeIgniter\View\View->render('Dashboard', [], true)
 6 APPPATH\Controllers\BlogController.php(9): view('Dashboard')
 7 SYSTEMPATH\CodeIgniter.php(933): App\Controllers\BlogController->getdashboard()
 8 SYSTEMPATH\CodeIgniter.php(507): CodeIgniter\CodeIgniter->runController(Object(App\Controllers\BlogController))
 9 SYSTEMPATH\CodeIgniter.php(354): CodeIgniter\CodeIgniter->handleRequest(null, Object(Config\Cache), false)
10 SYSTEMPATH\Boot.php(334): CodeIgniter\CodeIgniter->run()
11 SYSTEMPATH\Boot.php(67): CodeIgniter\Boot::runCodeIgniter(Object(CodeIgniter\CodeIgniter))
12 FCPATH\index.php(59): CodeIgniter\Boot::bootWeb(Object(Config\Paths))
CRITICAL - 2025-05-14 11:01:25 --> ErrorException: include(C:\xampp\htdocs\blog\app\Viewsheader.php): Failed to open stream: No such file or directory
[Method: GET, Route: dashboard]
in APPPATH\Views\Dashboard.php on line 2.
 1 APPPATH\Views\Dashboard.php(2): CodeIgniter\Debug\Exceptions->errorHandler(2, 'include(C:\\xampp\\htdocs\\blog\\app\\Viewsheader.php): Failed to open stream: No such file or directory', 'C:\\xampp\\htdocs\\blog\\app\\Views\\Dashboard.php', 2)
 2 APPPATH\Views\Dashboard.php(2): include()
 3 SYSTEMPATH\View\View.php(224): include('C:\\xampp\\htdocs\\blog\\app\\Views\\Dashboard.php')
 4 SYSTEMPATH\View\View.php(227): CodeIgniter\View\View->CodeIgniter\View\{closure}()
 5 SYSTEMPATH\Common.php(1173): CodeIgniter\View\View->render('Dashboard', [], true)
 6 APPPATH\Controllers\BlogController.php(9): view('Dashboard')
 7 SYSTEMPATH\CodeIgniter.php(933): App\Controllers\BlogController->getdashboard()
 8 SYSTEMPATH\CodeIgniter.php(507): CodeIgniter\CodeIgniter->runController(Object(App\Controllers\BlogController))
 9 SYSTEMPATH\CodeIgniter.php(354): CodeIgniter\CodeIgniter->handleRequest(null, Object(Config\Cache), false)
10 SYSTEMPATH\Boot.php(334): CodeIgniter\CodeIgniter->run()
11 SYSTEMPATH\Boot.php(67): CodeIgniter\Boot::runCodeIgniter(Object(CodeIgniter\CodeIgniter))
12 FCPATH\index.php(59): CodeIgniter\Boot::bootWeb(Object(Config\Paths))
